2022-06-23 16:11:49,133 [main] INFO  SpringBootDemoApplication:55 - Starting SpringBootDemoApplication using Java 11.0.2 on tdtai with PID 1560 (D:\Workspace\SpringBootDemo\target\classes started by tdtai in D:\Workspace\SpringBootDemo) 
2022-06-23 16:11:49,139 [main] INFO  SpringBootDemoApplication:634 - No active profile set, falling back to 1 default profile: "default" 
2022-06-23 16:11:49,514 [main] INFO  RepositoryConfigurationDelegate:132 - Bootstrapping Spring Data JPA repositories in DEFAULT mode. 
2022-06-23 16:11:49,546 [main] INFO  RepositoryConfigurationDelegate:201 - Finished Spring Data repository scanning in 26 ms. Found 1 JPA repository interfaces. 
2022-06-23 16:11:49,861 [main] INFO  TomcatWebServer:108 - Tomcat initialized with port(s): 8080 (http) 
2022-06-23 16:11:49,874 [main] INFO  Http11NioProtocol:173 - Initializing ProtocolHandler ["http-nio-8080"] 
2022-06-23 16:11:49,875 [main] INFO  StandardService:173 - Starting service [Tomcat] 
2022-06-23 16:11:49,875 [main] INFO  StandardEngine:173 - Starting Servlet engine: [Apache Tomcat/9.0.63] 
2022-06-23 16:11:50,008 [main] INFO  [/]:173 - Initializing Spring embedded WebApplicationContext 
2022-06-23 16:11:50,008 [main] INFO  ServletWebServerApplicationContext:292 - Root WebApplicationContext: initialization completed in 843 ms 
2022-06-23 16:11:50,092 [main] INFO  HikariDataSource:110 - HikariPool-1 - Starting... 
2022-06-23 16:11:50,239 [main] INFO  HikariDataSource:123 - HikariPool-1 - Start completed. 
2022-06-23 16:11:50,273 [main] INFO  LogHelper:31 - HHH000204: Processing PersistenceUnitInfo [name: default] 
2022-06-23 16:11:50,305 [main] INFO  Version:44 - HHH000412: Hibernate ORM core version 5.6.9.Final 
2022-06-23 16:11:50,430 [main] INFO  Version:56 - HCANN000001: Hibernate Commons Annotations {5.1.2.Final} 
2022-06-23 16:11:50,521 [main] INFO  Dialect:175 - HHH000400: Using dialect: org.hibernate.dialect.PostgreSQLDialect 
2022-06-23 16:11:50,858 [main] INFO  JtaPlatformInitiator:52 - HHH000490: Using JtaPlatform implementation: [org.hibernate.engine.transaction.jta.platform.internal.NoJtaPlatform] 
2022-06-23 16:11:50,864 [main] INFO  LocalContainerEntityManagerFactoryBean:437 - Initialized JPA EntityManagerFactory for persistence unit 'default' 
2022-06-23 16:11:51,070 [main] WARN  JpaBaseConfiguration$JpaWebConfiguration:219 - spring.jpa.open-in-view is enabled by default. Therefore, database queries may be performed during view rendering. Explicitly configure spring.jpa.open-in-view to disable this warning 
2022-06-23 16:11:51,277 [main] INFO  Http11NioProtocol:173 - Starting ProtocolHandler ["http-nio-8080"] 
2022-06-23 16:11:51,291 [main] INFO  TomcatWebServer:220 - Tomcat started on port(s): 8080 (http) with context path '' 
2022-06-23 16:11:51,299 [main] INFO  SpringBootDemoApplication:61 - Started SpringBootDemoApplication in 2.409 seconds (JVM running for 3.341) 
